[debug] [2022-07-28T05:02:47.015Z] ----------------------------------------------------------------------
[debug] [2022-07-28T05:02:47.019Z] Command:       C:\Program Files\nodejs\node.exe C:\Users\dell\AppData\Roaming\npm\node_modules\firebase-tools\lib\bin\firebase.js emulators:start
[debug] [2022-07-28T05:02:47.019Z] CLI Version:   11.4.0
[debug] [2022-07-28T05:02:47.020Z] Platform:      win32
[debug] [2022-07-28T05:02:47.020Z] Node Version:  v18.4.0
[debug] [2022-07-28T05:02:47.021Z] Time:          Thu Jul 28 2022 10:32:47 GMT+0530 (India Standard Time)
[debug] [2022-07-28T05:02:47.021Z] ----------------------------------------------------------------------
[debug] 
[debug] [2022-07-28T05:02:47.101Z] > command requires scopes: ["email","openid","https://www.googleapis.com/auth/cloudplatformprojects.readonly","https://www.googleapis.com/auth/firebase","https://www.googleapis.com/auth/cloud-platform"]
[debug] [2022-07-28T05:02:47.101Z] > authorizing via signed-in user (ritikamalhotra2014@gmail.com)
[info] i  emulators: Starting emulators: functions, hosting {"metadata":{"emulator":{"name":"hub"},"message":"Starting emulators: functions, hosting"}}
[warn] !  emulators: It seems that you are running multiple instances of the emulator suite for project clone-8b572. This may result in unexpected behavior. 
[debug] [2022-07-28T05:02:47.215Z] [hub] writing locator at C:\Users\dell\AppData\Local\Temp\hub-clone-8b572.json
[warn] !  functions: The following emulators are not running, calls to these services from the Functions emulator will affect production: auth, firestore, database, pubsub, storage {"metadata":{"emulator":{"name":"functions"},"message":"The following emulators are not running, calls to these services from the Functions emulator will affect production: \u001b[1mauth, firestore, database, pubsub, storage\u001b[22m"}}
[warn] !  Your requested "node" version "16" doesn't match your global version "18". Using node@18 from host. {"metadata":{"emulator":{"name":"functions"},"message":"Your requested \"node\" version \"16\" doesn't match your global version \"18\". Using node@18 from host."}}
[debug] [2022-07-28T05:02:47.596Z] defaultcredentials: writing to file C:\Users\dell\AppData\Roaming\firebase\ritikamalhotra2014_gmail_com_application_default_credentials.json
[debug] [2022-07-28T05:02:47.598Z] Setting GAC to C:\Users\dell\AppData\Roaming\firebase\ritikamalhotra2014_gmail_com_application_default_credentials.json {"metadata":{"emulator":{"name":"functions"},"message":"Setting GAC to C:\\Users\\dell\\AppData\\Roaming\\firebase\\ritikamalhotra2014_gmail_com_application_default_credentials.json"}}
[debug] [2022-07-28T05:02:47.604Z] >>> [apiv2][query] GET https://firebase.googleapis.com/v1beta1/projects/clone-8b572/adminSdkConfig [none]
[debug] [2022-07-28T05:02:48.245Z] <<< [apiv2][status] GET https://firebase.googleapis.com/v1beta1/projects/clone-8b572/adminSdkConfig 200
[debug] [2022-07-28T05:02:48.246Z] <<< [apiv2][body] GET https://firebase.googleapis.com/v1beta1/projects/clone-8b572/adminSdkConfig {"projectId":"clone-8b572","storageBucket":"clone-8b572.appspot.com","locationId":"us-central"}
[debug] [2022-07-28T05:02:48.278Z] >>> [apiv2][query] GET https://firebasehosting.googleapis.com/v1beta1/projects/clone-8b572/sites 
[debug] [2022-07-28T05:02:50.324Z] <<< [apiv2][status] GET https://firebasehosting.googleapis.com/v1beta1/projects/clone-8b572/sites 200
[debug] [2022-07-28T05:02:50.324Z] <<< [apiv2][body] GET https://firebasehosting.googleapis.com/v1beta1/projects/clone-8b572/sites {"sites":[{"name":"projects/clone-8b572/sites/clone-8b572","defaultUrl":"https://clone-8b572.web.app","appId":"1:256190883972:web:cb27130ab3f247e2813ad1","type":"DEFAULT_SITE"}]}
[debug] [2022-07-28T05:02:50.324Z] >>> [apiv2][query] GET https://firebase.googleapis.com/v1beta1/projects/clone-8b572/webApps/1:256190883972:web:cb27130ab3f247e2813ad1/config [none]
[debug] [2022-07-28T05:02:51.643Z] <<< [apiv2][status] GET https://firebase.googleapis.com/v1beta1/projects/clone-8b572/webApps/1:256190883972:web:cb27130ab3f247e2813ad1/config 200
[debug] [2022-07-28T05:02:51.643Z] <<< [apiv2][body] GET https://firebase.googleapis.com/v1beta1/projects/clone-8b572/webApps/1:256190883972:web:cb27130ab3f247e2813ad1/config {"projectId":"clone-8b572","appId":"1:256190883972:web:cb27130ab3f247e2813ad1","storageBucket":"clone-8b572.appspot.com","locationId":"us-central","apiKey":"AIzaSyDC-SgWfxPejB0DtO9TJfIGOOZlm7uGJAs","authDomain":"clone-8b572.firebaseapp.com","messagingSenderId":"256190883972","measurementId":"G-91DSMGEHLL"}
[info] i  hosting: Serving hosting files from: build {"metadata":{"emulator":{"name":"hosting"},"message":"Serving hosting files from: \u001b[1mbuild\u001b[22m"}}
[info] +  hosting: Local server: http://localhost:5000 {"metadata":{"emulator":{"name":"hosting"},"message":"Local server: \u001b[4m\u001b[1mhttp://localhost:5000\u001b[22m\u001b[24m"}}
[debug] [2022-07-28T05:02:51.699Z] Ignoring unsupported arg: auto_download {"metadata":{"emulator":{"name":"ui"},"message":"Ignoring unsupported arg: auto_download"}}
[debug] [2022-07-28T05:02:51.699Z] Ignoring unsupported arg: port {"metadata":{"emulator":{"name":"ui"},"message":"Ignoring unsupported arg: port"}}
[debug] [2022-07-28T05:02:51.700Z] Starting Emulator UI with command {"binary":"node","args":["C:\\Users\\dell\\.cache\\firebase\\emulators\\ui-v1.8.1\\server\\server.js"],"optionalArgs":[],"joinArgs":false} {"metadata":{"emulator":{"name":"ui"},"message":"Starting Emulator UI with command {\"binary\":\"node\",\"args\":[\"C:\\\\Users\\\\dell\\\\.cache\\\\firebase\\\\emulators\\\\ui-v1.8.1\\\\server\\\\server.js\"],\"optionalArgs\":[],\"joinArgs\":false}"}}
[info] i  ui: Emulator UI logging to ui-debug.log {"metadata":{"emulator":{"name":"ui"},"message":"Emulator UI logging to \u001b[1mui-debug.log\u001b[22m"}}
[debug] [2022-07-28T05:02:53.497Z] Web / API server started at localhost:4000
 {"metadata":{"emulator":{"name":"ui"},"message":"Web / API server started at localhost:4000\n"}}
[info] i  functions: Watching "D:\my-app\amazon-clone\functions" for Cloud Functions... {"metadata":{"emulator":{"name":"functions"},"message":"Watching \"D:\\my-app\\amazon-clone\\functions\" for Cloud Functions..."}}
[debug] [2022-07-28T05:02:53.742Z] Validating nodejs source
[debug] [2022-07-28T05:03:11.589Z] > [functions] package.json contents: {
  "name": "functions",
  "description": "Cloud Functions for Firebase",
  "scripts": {
    "lint": "eslint",
    "serve": "firebase emulators:start --only functions",
    "shell": "firebase functions:shell",
    "start": "npm run shell",
    "deploy": "firebase deploy --only functions",
    "logs": "firebase functions:log"
  },
  "engines": {
    "node": "16"
  },
  "main": "index.js",
  "dependencies": {
    "cors": "^2.8.5",
    "express": "^4.18.1",
    "firebase-admin": "^10.0.2",
    "firebase-functions": "^3.18.0",
    "stripe": "^9.16.0"
  },
  "devDependencies": {
    "eslint": "^8.9.0",
    "eslint-config-google": "^0.14.0",
    "firebase-functions-test": "^0.2.0"
  },
  "private": true
}
[debug] [2022-07-28T05:03:11.617Z] Building nodejs source
[debug] [2022-07-28T05:03:11.618Z] Analyzing nodejs backend spec
[debug] [2022-07-28T05:03:11.620Z] Could not find functions.yaml. Must use http discovery
[debug] [2022-07-28T05:03:14.697Z] Serving at port 9005

[debug] [2022-07-28T05:03:16.436Z] Got response from /__/functions.yaml {"endpoints":{"api":{"platform":"gcfv1","httpsTrigger":{},"entryPoint":"api"}},"specVersion":"v1alpha1","requiredAPIs":[]}
[debug] [2022-07-28T05:03:16.453Z] shutdown requested via /__/quitquitquit

[info] +  functions[us-central1-api]: http function initialized (http://localhost:5001/clone-8b572/us-central1/api). {"metadata":{"emulator":{"name":"functions"},"message":"\u001b[1mhttp\u001b[22m function initialized (http://localhost:5001/clone-8b572/us-central1/api)."}}
[info] 
┌─────────────────────────────────────────────────────────────┐
│ ✔  All emulators ready! It is now safe to connect your app. │
│ i  View Emulator UI at http://localhost:4000                │
└─────────────────────────────────────────────────────────────┘

┌───────────┬────────────────┬─────────────────────────────────┐
│ Emulator  │ Host:Port      │ View in Emulator UI             │
├───────────┼────────────────┼─────────────────────────────────┤
│ Functions │ localhost:5001 │ http://localhost:4000/functions │
├───────────┼────────────────┼─────────────────────────────────┤
│ Hosting   │ localhost:5000 │ n/a                             │
└───────────┴────────────────┴─────────────────────────────────┘
  Emulator Hub running at localhost:4400
  Other reserved ports: 4500

Issues? Report them at https://github.com/firebase/firebase-tools/issues and attach the *-debug.log files.
 
[debug] [2022-07-28T05:04:10.271Z] Received signal SIGHUP 1
